-1.4802994352109038
-0.16249919486290323
-0.1593309043670826
-0.14022524417430723
-0.20635359318154767
-0.20242014503801617
-0.18313534826882016
-0.23871251576742164
-0.23460936783910274
-0.2185469332985751
-0.26284353332374794
-0.26012765195631404
-0.25075280238512065
-0.27935897937714366
-0.27655976853587233
-0.2699138342968162
-0.29128772087436383
-0.28879873523371075
-0.2815883502089705
-0.2984915547176581
-0.2964038141607931
-0.28881334227549
-0.302336821438206
-0.29873538099997193
-0.2909832665588686
-0.30130669955965933
-0.2975750500047675
-0.2908645752843162
-0.29789775547646
-0.2927403716348857
-0.2865137408046559
-0.2898887196383045
-0.28501494771257707
-0.27909606214389154
-0.2794967617316101
-0.27708888994129854
-0.27107535918494363
-0.2675974477225754
-0.2659506497842828
-0.2618523923931945
-0.25453865921546065
-0.2534095164826931
-0.24757059416616867
-0.24225624325476258
-0.2417378815307038
-0.23485947124148357
-0.19430570665916863
-0.19505108039022181
-0.202002920949379
-0.20293047164484304
-0.2041343391971904
-0.21091374631778742
-0.20873493303239743
-0.2101593997949955
-0.2159325450764842
-0.20782904853053827
-0.20923660477179076
-0.21357754041829366
-0.19822555673786554
-0.199856621802857
-0.20359894566107928
-0.17866663582274894
-0.17981440665878065
-0.18390129617811768
-0.1479292490674718
-0.15060359042591837
-0.1531986027470216
-0.1938656747349455
-0.19116515850545526
-0.18531696207501056
-0.23097159221059763
-0.22624069406157515
-0.2201055757244045
-0.2578589110010438
-0.2536644352859168
-0.250600026302255
-0.27684001626106125
-0.27367900670683276
-0.2756955637691857
-0.2915594161483412
-0.2891140633635489
-0.2953535792947986
-0.3020422230301944
-0.301581637100242
-0.30934435781442987
-0.3110457299612513
-0.3115466357170494
-0.32062183188533794
-0.31722067697453415
-0.3194386221461119
-0.32883160691569163
-0.32270427935615564
-0.3259975119387922
-0.3358872597486517
-0.3269809108001148
-0.33125333845885124
-0.34026805007308963
-0.32858632279386774
-0.3344862878413422
-0.342130441098237
-0.3298229171839596
-0.33572493030714434
-0.34189298525838063
-0.3293998665588679
-0.33577739454739225
-0.3403042367936313
-0.3285318710372789
-0.3331916322565313
-0.3387253480329975
-0.32490975201602207
-0.32843417841335826
-0.3345932484719369
-0.3187474021903644
-0.3222453919375978
-0.3289020331960559
-0.30968828916337904
-0.3134720685475392
-0.3206561446544491
-0.29698379115038653
-0.29993492625575974
-0.30663994439320463
-0.27736629955904396
-0.280304897705732
-0.2878916706584532
-0.2504525816963023
-0.2528535567923804
-0.2605245022450826
-0.2138917297703418
-0.21786994091461537
-0.2247530845804671
-0.19861589934189836
-0.19378814980025766
-0.18631990130651052
-0.2419380803677265
-0.23581910123365007
-0.22602925842116375
-0.2729038511062597
-0.26722135542680037
-0.2577210708104594
-0.29606151098365935
-0.29146829572828287
-0.28870522847805785
-0.31266637808275377
-0.30928858926329506
-0.3085889818953881
-0.3263783443119505
-0.32420165593390554
-0.3225653218936971
-0.3353376443851509
-0.33353540555932154
-0.33205093732496344
-0.34170764831378797
-0.3408665639763431
-0.3395829879372476
-0.34688941819914243
-0.34598083739579416
-0.34590865526392756
-0.3512607019375386
-0.34971874435707223
-0.3515248738861322
-0.35278202955267385
-0.35158001773926517
-0.3537307652074905
-0.3521917648412597
-0.35128739563463945
-0.35330344305491246
-0.349336778603316
-0.3493639541583843
-0.35298269469244375
-0.3480128778943362
-0.34736893027143756
-0.35224919363453666
-0.3451136582544396
-0.3436928445851472
-0.35118526241823705
-0.33897532789626
-0.338357310308251
-0.3485289592392051
-0.32955781524130895
-0.33030913582065907
-0.3425036738564002
-0.31650237356703836
-0.31755752434689016
-0.33209037645958667
-0.30283355019631963
-0.30279189016440755
-0.3210321891998239
-0.28451724311911936
-0.2864074338467627
-0.3059602140796561
-0.25893562575347523
-0.2630758062279444
-0.2787176996323148
-0.38546499406980467
-0.3859798250115943
-0.3760594336336326
-0.38102562625576963
-0.3820957787596249
-0.3713046332424809
-0.37660184000961444
-0.37735388948044224
-0.36711146233947384
-0.3721266132256593
-0.37330085710562994
-0.3632557942763605
-0.3675371993070665
-0.36815951963316157
-0.3590368763595937
-0.36239535330423034
-0.3631406638924553
-0.35485968662558387
-0.35736833096417625
-0.3582808950433929
-0.35131855892984815
-0.352060837234009
-0.35304295010732173
-0.3475305018995615
-0.34512678789644846
-0.34628952090359794
-0.3415659016779971
-0.3363872973636697
-0.3378099792091716
-0.3338266091688886
-0.32633726978547206
-0.3279882283587498
-0.324163920688024
-0.3155491799564793
-0.31828976106168944
-0.3161154520476978
-0.30391963408910394
-0.30750502845484196
-0.30497850621297057
-0.2908941222079256
-0.2943834298736596
-0.29305193498452675
-0.2778525073928411
-0.2807763303889715
-0.28034693163905244
-0.22357877537575843
-0.22030975925597093
-0.21879933300307153
-0.2381863070421584
-0.23550280501770102
-0.23243531494214947
-0.25231535129431404
-0.2502593640105287
-0.24658280711422476
-0.26389046086109996
-0.2630824953977166
-0.2589371683538928
-0.274168327435267
-0.27526452753989555
-0.2697871259871929
-0.2830401749713826
-0.28407173949425835
-0.2789333877117003
-0.29153085936212764
-0.29290460338334107
-0.2875458166348504
-0.2999112091495961
-0.3014933061645026
-0.2953728523087819
-0.3079497924129586
-0.3088881809595262
-0.3033919323003991
-0.3150763259315943
-0.3164340419190215
-0.31176381704141065
-0.3223594432862457
-0.3235759334038536
-0.3196557809993301
-0.329325938849691
-0.3298845566623406
-0.32813578033959795
-0.3354764963612029
-0.3358230785296189
-0.3351911490223901
-0.3407848008883614
-0.3408124647138098
-0.3428778642717402
-0.3450676960462239
-0.34551554665783407
-0.3488493180480323
-0.3494909460611475
-0.3499431223914764
-0.3548542538090445
-0.3526283535319071
-0.35310866302322413
-0.359334679177778
-0.35436759309809523
-0.3557745687879768
-0.36247068185171155
-0.35622112666838973
-0.3578657486272631
-0.36379311847531204
-0.3576304651171265
-0.35974819627629623
-0.3647152630453427
-0.35876632582970625
-0.3611389201241713
-0.3653556464797632
-0.3594364838639615
-0.3614650141957949
-0.36469795633685725
-0.3600817655797214
-0.3613082999691311
-0.3640820455846982
-0.3594798640071778
-0.3615017775827343
-0.3625249123989834
-0.3591545943378608
-0.3608923868758118
-0.36104625756395303
-0.35882069040769504
-0.3603939723917328
-0.3605564642236082
-0.3590156948026899
-0.36046574080619787
-0.3589408640780842
-0.3595777100339158
-0.3610624052026495
-0.3578624025670821
-0.3611447370533114
-0.36120566334997956
-0.3573454647867322
-0.36255501456302947
-0.3620095039792295
-0.3572960249946487
-0.3644649478655508
-0.3639858859696166
-0.35731813410050767
-0.36655307467073583
-0.36606453049396437
-0.3601931799215767
-0.36889587562868353
-0.3679038438971504
-0.36227113997483845
-0.3716195982782478
-0.3698845461749274
-0.36485979761327125
-0.3734174881472845
-0.3715511248321236
-0.36739895178224685
-0.37446663429373933
-0.3732258710130163
-0.36998921286879777
-0.37533083592459454
-0.37395875869245043
-0.3712153801974905
-0.3764580576121808
-0.375808980227068
-0.3734243765517464
-0.37769654512307305
-0.37655293343070123
-0.3738370964466589
-0.3781216435535729
-0.37708367692495154
-0.3741702509344627
-0.3776431583785502
-0.376585421162078
-0.3733898195195409
-0.3769487205685866
-0.3761279468627458
-0.37185769478434744
-0.3760066713511108
-0.37537758623220463
-0.3701765898571269
-0.3738242759970496
-0.3739911405549462
-0.36743080342569606
-0.37109500320097644
-0.371448705107691
-0.3634965569113503
-0.36740266492019513
-0.36880332363689955
-0.36102672151049825
-0.36798811875763654
-0.3671528044607175
-0.36072208927118193
-0.3708780812759113
-0.37127042042034697
-0.36447559297742316
-0.37536580436989264
-0.3764474578795206
-0.3669087232606839
-0.2376458048730192
-0.23585061736820917
-0.22590391673845261
-0.2562647028116453
-0.25429120145408013
-0.24343030774844782
-0.27437033353516904
-0.2712161802314485
-0.2602702867426181
-0.29009474768569965
-0.286773895850175
-0.2763847401641034
-0.304885894664318
-0.30148593790682443
-0.29113561067540583
-0.31820103167166486
-0.31431141943898233
-0.3049629878455217
-0.3299833407317062
-0.32598353611242037
-0.31830152288433927
-0.34099825464195305
-0.33728587885972844
-0.33025319290026534
-0.35155559352315013
-0.3480727158105898
-0.34329131194522894
-0.3606499669059402
-0.3579382345516276
-0.35731521831388
-0.36879242645838545
-0.3660610256944237
-0.3656654208131811
-0.3760609493188532
-0.3743999935252306
-0.37420428279920753
-0.3827658810875097
-0.38096898754489406
-0.38374545918722713
-0.3892963459093942
-0.3878351956315884
-0.39043236605687776
-0.39573375660046095
-0.3945829510702248
-0.3961748652448919
-0.4010386552744549
-0.39984367778865554
-0.40277673123727686
-0.4055294319174763
-0.40523736269025107
-0.4066304028252758
-0.4094007443693596
-0.4089586090728119
-0.4101786891673968
-0.4130475575003396
-0.4138557365868927
-0.4152292543750961
-0.41670709335241773
-0.41650952744651254
-0.4187740740404475
-0.419712998121881
-0.4195646273954925
-0.4219318158368361
-0.4225410372319558
-0.42268642103674875
-0.4245365752316478
-0.4247086144382399
-0.42510367185581954
-0.42687381175593814
-0.42704447033289794
-0.4273087783991717
-0.4287761143015658
-0.4283266053102464
-0.4290040003969295
-0.4308532609594533
-0.42978784780049634
-0.4302019411889731
-0.4320877295873728
-0.4317993968843752
-0.4317505113456693
-0.43447659941721933
-0.43343658809053043
-0.4333769678215322
-0.4357910714113055
-0.4341438011085807
-0.4339743988846766
-0.43628755806934927
-0.4351965030246836
-0.4346429049552636
-0.43636374868182304
-0.43519779474263554
-0.4350065092717814
-0.43718059622410466
-0.43539474023508296
-0.4348547866860386
-0.4372561896023096
-0.4351829210090825
-0.4366882622212021
-0.43778017655635537
-0.43411862594970685
-0.436618341506524
-0.4376364372656221
-0.43476637301871845
-0.435694234404458
-0.43692766292755447
-0.4347809844509429
-0.4354578391997945
-0.43564465620939596
-0.4330592822296972
-0.4343274356965551
-0.43650153556229615
-0.4319459077202428
-0.4330341227982459
-0.43499115854924764
-0.4321816363872248
-0.4328269907857719
-0.43370623909267775
-0.43076007901965546
-0.43274467560650504
-0.43217265441695424
-0.4303757411424594
-0.4309903522821779
-0.43065265095040256
-0.42965927991825814
-0.4300672534632956
-0.4305391180768915
-0.4294750774026342
-0.42989410255644167
-0.42932686012948057
-0.42736766282742156
-0.4290970670358086
-0.42829330822061545
-0.42596258169868745
-0.42673400707048376
-0.42651503745724195
-0.42757042711126253
-0.42534181292700196
-0.4285356927519279
-0.42429823219456775
-0.42420839678677125
-0.42568558559745107
-0.4228581533938279
-0.4208721351065891
-0.4260223039359703
-0.42182768524671643
-0.42189002762306327
-0.4233265984645093
-0.41747258617745203
-0.4180722985491902
-0.4206760457229406
-0.41398341105123987
-0.41488690915721527
-0.41892130173129183
-0.409235448997665
-0.4107390403866011
-0.4158944277662917
-0.4041682534399731
-0.40444286021734804
-0.4099120554064592
-0.4000134037538987
-0.39828181822439124
-0.40591257773570283
-0.39404875413200324
-0.3923434004037672
-0.3999642816536124
-0.38522501674741716
-0.3839520849575055
-0.39187024274141297
-0.3757823135273363
-0.3754870574312831
-0.38374190366305505
-0.36605812834935864
-0.3656164498347322
-0.3739868315143998
-0.3542850541521024
-0.35386132223308947
-0.3633142091337677
-0.34192869782690677
-0.34142556370488497
-0.350656144479799
-0.32880197256883853
-0.3280250608596162
-0.33854934068064074
-0.3135152248362407
-0.31379161208145845
-0.3240414665875181
-0.2983035356877844
-0.298371733507533
-0.30910646129179453
-0.2803925023588076
-0.2814172712542421
-0.29114019094392046
-0.12645208825005042
-0.1306376227805788
-0.13953128445851504
-0.1343723429816085
-0.13925170647076351
-0.1483568127209673
-0.14354922713962143
-0.14819725224955915
-0.15659025971023002
-0.15233543319613516
-0.1572368923879976
-0.16423798854853916
-0.16240575591052062
-0.16547594843730357
-0.1719170732420813
-0.1729487153975847
-0.17594190994660208
-0.1817228339551137
-0.18351983820850482
-0.18454148888538674
-0.19121442260948932
-0.14923660779474188
-0.14717051304400458
-0.14880929421793448
-0.15718422732705004
-0.15486350300403773
-0.15611073367422051
-0.16618083378504375
-0.16381229885790283
-0.1651379068729253
-0.1753887537692096
-0.1724955474231684
-0.17212091578524966
-0.18581656775702093
-0.18172501634301627
-0.18229718874071663
-0.19760048079796194
-0.1934715061258304
-0.19327484029104397
-0.20923107508448185
-0.20574944543451146
-0.2047422561432204
-0.22296579920690052
-0.22664892064451292
-0.2358341894593241
-0.16252883771141155
-0.16741751354972328
-0.17102556348022316
-0.25741938713014945
-0.2585733930342952
-0.26490631606678794
-0.23880048919152125
-0.24013280894842406
-0.24737992505679285
-0.10604553441465119
-0.11032814765904846
-0.11005589023377411
-0.2206948584679972
-0.22320783017105428
-0.23053994606262146
-0.17467203307422005
-0.1796756337216097
-0.18816928497365987
-0.20497044431746692
-0.20765011455232743
-0.2144254926411357
-0.12061693419530153
-0.12619040274557997
-0.13126676657348538
-0.19017929733884792
-0.19293807249567815
-0.19967462212983342
-0.07697820020236065
-0.08264748689795157
-0.08328635657599791
-0.17686416033150107
-0.18011259096352003
-0.18584724495971783
-0.13788932424219114
-0.14274452164134022
-0.14856452904089837
-0.1650818512714605
-0.16844047429008197
-0.17250870992089853
-0.09158744566545736
-0.09676453054281675
-0.100184828494031
-0.15409328626738028
-0.1571381315427741
-0.1611448051089565
-0.05725942513279021
-0.06290366423393824
-0.06382647517111062
-0.14355160868225822
-0.14648535219274578
-0.15018160529196167
-0.10927811234200532
-0.11330726275014934
-0.11729986251962236
-0.13442703666052955
-0.1366477220831073
-0.13966844007705886
-0.2294920257596176
-0.2265329503325307
-0.22333688455827283
-0.26234361854982635
-0.2645247482052792
-0.26518637477777196
-0.21488114053700644
-0.21378943491109956
-0.20918767614817993
-0.24636801013135917
-0.24800518471436506
-0.2501019790366432
-0.1962909143898389
-0.1962329327747168
-0.1964425805612515
-0.23086520938596028
-0.23187274601713678
-0.2343729750531489
-0.18218752090122717
-0.1789163583652857
-0.18307051159646842
-0.2180818999783449
-0.21757451504031805
-0.22042874407719545
-0.16370949858649053
-0.16176564811569324
-0.1669092791032083
-0.20634237858640292
-0.2042204471954737
-0.2076461413213429
-0.1463678022414966
-0.1443991548001781
-0.15119948270481912
-0.1962220434685889
-0.19382356132673279
-0.19679160862267409
-0.1292856346273387
-0.12774702682274888
-0.13514941328336524
-0.18621213892283617
-0.18378036572032708
-0.1865367302265139
-0.11223360503713502
-0.11057367976719541
-0.11829008933132913
-0.17683046341844627
-0.17433191444486668
-0.17700063455555856
-0.0699852162503303
-0.07003226645006774
-0.0669493153791092
-0.16803212444884894
-0.1658997586734699
-0.16783456810527733
-0.06459685838131111
-0.06375823467767061
-0.058710545224230054
-0.0748292700909576
-0.07541108133385371
-0.07382374370809693
-0.15982007069677728
-0.15768125667814803
-0.15870995842700986
-0.05700091516484236
-0.056033338897577785
-0.0513263391375786
-0.1457994145072386
-0.1431924642880359
-0.133048340181046
-0.19687509055904973
-0.19605227689497107
-0.18164279370787484
-0.21474710051370707
-0.21300673914826226
-0.1996090640557492
-0.11658960360465044
-0.1133530996788994
-0.08813004582279561
-0.18170939215515894
-0.1806138463483665
-0.16670778841215156
-0.05021011483876635
-0.049405854553876
-0.04551792629329791
-0.10911816747962678
-0.10759363204114014
-0.09826006435932773
-0.15373815731695803
-0.15297989472493975
-0.13994679367292
-0.16659975697617938
-0.16638039757020842
-0.15218669250004135
-0.08699148456762394
-0.08479727693533998
-0.05827190592412499
-0.14141078426189788
-0.14049697853116822
-0.12725255069783123
-0.14360161029465535
-0.14230101295742437
-0.13434721388783039
-0.043879260680716896
-0.042387616532791696
-0.04048563494046483
-0.12990951404804707
-0.12870395083096237
-0.11643229676794108
-0.1043542030788079
-0.10425733283547857
-0.09503209153358326
-0.08242139099500483
-0.08001631869305577
-0.07233699226193481
-0.12046362460962437
-0.11881836054765385
-0.10652306890168567
-0.07559884041083156
-0.07537147854722072
-0.06604830308088745
-0.06652785993906722
-0.06416651270505624
-0.03891065704406807
-0.11121346663350011
-0.10913553277030241
-0.09816074703653743
-0.07035990450879098
-0.0747822444875936
-0.07807426999971562
-0.12614110636649664
-0.12854899442998977
-0.13173113054825608
-0.09804690819851845
-0.09586749222340187
-0.10088525272616848
-0.038561045513259756
-0.037253650057051634
-0.03679069672995943
-0.10256089517381814
-0.10049839328273891
-0.0897694728679948
-0.05493920319707188
-0.05366818052791252
-0.044850685402735034
-0.06296600432900992
-0.060639368253739334
-0.053354817347227176
-0.09545253204804316
-0.09333609391237178
-0.08339081181697608
-0.12020421579374961
-0.12395104003677794
-0.13355330867277987
-0.1430043547691595
-0.14138106029518024
-0.14327973090568
-0.08790641476092521
-0.09177798259496402
-0.09459535195769402
-0.04538776784689723
-0.05007965555837126
-0.05115682024683228
-0.11887258350602943
-0.12020674573862127
-0.12380255302271757
-0.11188667285378127
-0.11366294194713412
-0.11591795382942752
-0.084990800605819
-0.08227017534429422
-0.08488621471891329
-0.07938792550723395
-0.08076999316783033
-0.07896022620530653
-0.1520032095021325
-0.15009642821381042
-0.1503321646073359
-0.0834304983348009
-0.08440562099071015
-0.08135633225689229
-0.1445116034795559
-0.14310891074997467
-0.1420385134798787
-0.05207918636647977
-0.05032330410840594
-0.026913179371816805
-0.08896318491176773
-0.08681454172402914
-0.07790015394296557
-0.04105301769737712
-0.03953125147415168
-0.029379510846721992
-0.08281304744355872
-0.08020877243717357
-0.07162893229807778
-0.11455600278268169
-0.11745192242610075
-0.12641591209960604
-0.13769686103899237
-0.13614311535910897
-0.13949167387539374
-0.05562022183952221
-0.058786680573702996
-0.06139747031825453
-0.10515353216085388
-0.10675303868496572
-0.1090304203072034
-0.037005410737567426
-0.040879485208139665
-0.041676478189346354
-0.09846470528629224
-0.0999042232240693
-0.10245998531648974
-0.07040536307273769
-0.07425385664800002
-0.07631551980485572
-0.09299294703705634
-0.09439347686222625
-0.09623231380245276
-0.07261528399489818
-0.06932643504597988
-0.07137193840202956
-0.08560609630707298
-0.08550305073460399
-0.08094607941176198
-0.13758591654283275
-0.13654624270382154
-0.13501710939956754
-0.08619930534159505
-0.08560934388777747
-0.07947030865358855
-0.13151764296907167
-0.13107147904346508
-0.12742858221045975
-0.08713727171750778
-0.0852246816993311
-0.077965479849511
-0.12665261401764555
-0.12562157846634828
-0.12169539601164467
-0.08642255399193287
-0.08312075466278626
-0.07642195601090253
-0.12150748288297904
-0.12073236208302245
-0.11574797016521758
-0.049587576535983634
-0.047200480045624056
-0.04020832786509452
-0.0765534629099323
-0.07490278734426353
-0.06646385347656679
-0.10975093440009102
-0.11104494255494553
-0.12118838102830684
-0.13266983869893886
-0.1312833465100465
-0.13595054617965738
-0.1034069017103639
-0.10440921900902209
-0.11383162489041085
-0.12752799269610227
-0.12626449076934068
-0.1317733564456474
-0.09780643358219193
-0.09781058259531422
-0.10656241592875831
-0.12293857877750941
-0.12112315329687248
-0.12755443852888027
-0.09127082496428496
-0.09137416827331844
-0.09975458958576609
-0.1184633519935538
-0.11707012092205998
-0.12369877046576662
-0.04374251860293794
-0.04532300020021431
-0.048071816193133034
-0.08776750957729652
-0.08874902437953833
-0.09057231563698927
-0.03138035486007434
-0.03376715407894072
-0.03351541757806173
-0.08329565336716706
-0.08476702939141993
-0.08543467753409623
-0.0570816524931691
-0.06113609464487377
-0.06181419251182709
-0.07924279746066758
-0.07961015780773974
-0.08038031522376955
-0.06097548699212211
-0.058657461741708855
-0.05961252183458176
-0.08511487374995598
-0.08079172719995223
-0.07342864514813742
-0.11706037347438676
-0.11642932825932428
-0.11056198114588756
-0.0834460687366066
-0.08000177390446818
-0.0732065718136944
-0.11393355501397341
-0.11267127980072424
-0.1064560832363017
-0.08144439589340209
-0.07667821102457822
-0.07107467628605466
-0.11064543383610807
-0.10872258489396519
-0.10312332370940046
-0.0787781527379035
-0.07407428842525747
-0.07068272386421022
-0.10706562401381181
-0.10510150500089292
-0.09989145185277436
-0.03408499999871695
-0.0327323284050757
-0.035914272942046445
-0.04173911769442886
-0.03933161856678138
-0.017706858412717387
-0.07157653212985166
-0.0702419665453193
-0.06200353927538902
-0.02909408961443866
-0.028110875170493224
-0.03447681179556447
-0.06630620780598215
-0.06493264848712446
-0.058735976100072564
-0.030717316426760972
-0.029872006160969553
-0.019211401476604117
-0.03909588175584254
-0.036770613270305154
-0.032159024326529485
-0.06109843759307566
-0.060595892037220905
-0.05557103719125478
-0.08374115450415233
-0.08435375081216014
-0.093249391895284
-0.11403956574739887
-0.11232823164287752
-0.11950559956276008
-0.07514661001011623
-0.07651971300112655
-0.08567867256414459
-0.10960019793336298
-0.10844418539090814
-0.11475079917160887
-0.04006090697506503
-0.03734839552473583
-0.03158288956366693
-0.10396660022268304
-0.10322776825475315
-0.10865003685069581
-0.0344535879232465
-0.0319244723897814
-0.029072126607464055
-0.030298411243246275
-0.027974480830717317
-0.026256207667475953
-0.027192527029268544
-0.02569595264874149
-0.0239441808800002
-0.025148924318524384
-0.023340459332957815
-0.022368577557436715
-0.03339639125303896
-0.031745747894636876
-0.013678174456639141
-0.057197187879420235
-0.05657328735897188
-0.05160098427719463
-0.025365157677963348
-0.024133638382306186
-0.03135650403397894
-0.05300422346189294
-0.05218052426100648
-0.048157107572045534
-0.03030082909391639
-0.02900499699716679
-0.025465204990749744
-0.048961649653543826
-0.04853823722829673
-0.04548866645452587
-0.06390569324761791
-0.0658793727300171
-0.07706714728702872
-0.0239802580928558
-0.021884959352170247
-0.021322601871733477
-0.03524600698255573
-0.03636801172426662
-0.03826765530979113
-0.0749328985071404
-0.07611102596486594
-0.07640342604357821
-0.02633936282502201
-0.027676549926703934
-0.027537987032211032
-0.07100225919839759
-0.07224525322001865
-0.07205685159915126
-0.051664944440052284
-0.050819107381385266
-0.05120553751395612
-0.07673271763280548
-0.07387798461190308
-0.06958203402596128
-0.1037023242094402
-0.10180474183873436
-0.0969567149863566
-0.07590908387771694
-0.07511294368876263
-0.07072768625900969
-0.10084621148979517
-0.09909625529095625
-0.0948628189040595
-0.02776281367510468
-0.025820077924054278
-0.011953929201615985
-0.04532901338297291
-0.045356285580928676
-0.04231131539364418
-0.022268962398821576
-0.02221516514169897
-0.013171965757948089
-0.05354455283778476
-0.054583379740615647
-0.06840743969078643
-0.0985675065136595
-0.0976718736064048
-0.10272637206408936
-0.04502295367587464
-0.04308849386578908
-0.03431893237330296
-0.049323048033105804
-0.048367435260084995
-0.03796460349826745
-0.09359913950352741
-0.09282156017993558
-0.09809039855468979
-0.022587583964318387
-0.020139620214226238
-0.019916793997597028
-0.04633945984531941
-0.05165782844806786
-0.05134564124630242
-0.06738367811612392
-0.06855983563395485
-0.06782358135428686
-0.028097106654751302
-0.029212194189181785
-0.03042558456065404
-0.06431157979954573
-0.06538398046257679
-0.06488818998080124
-0.07923873066589458
-0.0757856175141745
-0.07713347964273856
-0.0980544304251729
-0.09655971254913769
-0.09270152716004919
-0.08014136391850082
-0.07907575771150867
-0.0794652407165631
-0.09565290999203269
-0.09385880919968285
-0.09127054851782487
-0.05255185458357533
-0.05153421067392224
-0.04229677727392192
-0.08894960979590785
-0.0878324862237106
-0.0937602323085354
-0.021257959586750322
-0.020443547936690492
-0.028631666833541635
-0.041939028454809915
-0.04150392924176988
-0.03962542333904505
-0.02341906089925672
-0.02228426189132538
-0.020551007746324713
-0.03922513244162123
-0.03841933807940218
-0.0367942190006718
-0.016398455281581147
-0.016776878866412517
-0.00852567776104398
-0.023130892703285645
-0.02114190493844182
-0.010252947460409067
-0.03694666919675175
-0.035459401613986245
-0.034181980044388285
-0.0442760914704216
-0.044454124919850554
-0.060125795056422654
-0.05427102447822375
-0.052773147342780734
-0.044588160305089386
-0.03635706755964073
-0.036258537206934005
-0.05146345503461388
-0.08414206417133092
-0.08378451101481144
-0.08935821730432462
-0.05604414626577467
-0.05483722397044816
-0.04658800031264467
-0.08024127549093506
-0.07995198038986404
-0.08440497982660122
-0.05824275068681913
-0.0566895183940292
-0.04986788837894464
-0.07649806513417497
-0.07699488330170041
-0.08033094113757788
-0.05904441045913776
-0.05906186291557397
-0.05281833555802119
-0.07383659184552538
-0.074376604273184
-0.07693818698643538
-0.05994303411577158
-0.060135935058338204
-0.05472087916292563
-0.07131820530539418
-0.07196308309182423
-0.07319607784274378
-0.022161144967498048
-0.018474063162865997
-0.018566122711942416
-0.02104421827080442
-0.01690200718588701
-0.016477940107984423
-0.023148981907227008
-0.022945006933090324
-0.022702420138617934
-0.060955720788010224
-0.06211331614733859
-0.061916063978221324
-0.019890523611192357
-0.014936743786746216
-0.01499536996825719
-0.058271264058277525
-0.05936753725757719
-0.05927339175467547
-0.03838074044708522
-0.04443079347083097
-0.04427802178641833
-0.019908881562782227
-0.018819412201722802
-0.01868680516181562
-0.021643315634081544
-0.02281850951074762
-0.024841827902128216
-0.0557341008012624
-0.05701723526945221
-0.056776718451466666
-0.05264864841024782
-0.054688170366881936
-0.05378527436326935
-0.031479962025018446
-0.039020196942777675
-0.0380726692881579
-0.049858130368438086
-0.05198000683928593
-0.051397604520121945
-0.01591079190578725
-0.01877754660878404
-0.020572398403953092
-0.04767791052209388
-0.04994101224869792
-0.049625985193982265
-0.016757283216771075
-0.014989160628246009
-0.015749314130334847
-0.04541155456744057
-0.04788853870070687
-0.04731396711146443
-0.044463271503299914
-0.044557888146756
-0.04421709821891425
-0.03768645517655763
-0.039168309214248284
-0.03915457478203129
-0.03269654443063814
-0.035868758165159165
-0.03503684143385289
-0.08065662471422162
-0.07733907029115009
-0.08284118750973736
-0.09330376549996665
-0.09158669102493645
-0.08977068411303264
-0.07786476890556403
-0.07625853197762467
-0.08085221957687187
-0.09058815372789562
-0.089144950844419
-0.08730688071791007
-0.07312671760489965
-0.07187534888969181
-0.07725087517854519
-0.06835220620971737
-0.0670021604892955
-0.07277548924320043
-0.08743146479069606
-0.08621080165810753
-0.08538002483082756
-0.0844209050085243
-0.08306710426411071
-0.08311144938913727
-0.06291776500763159
-0.06186308783807954
-0.06606291345847913
-0.08098527443867878
-0.08006390144903715
-0.08046775705161177
-0.058363167844794
-0.05794286842963997
-0.059957182012027696
-0.07742193702180204
-0.07747354109825383
-0.07746521275742708
-0.05314936960991411
-0.05285207774994416
-0.05360706062570483
-0.07361310313533775
-0.0739443170675749
-0.07495644764923313
-0.020463733525423623
-0.02109223931763068
-0.021349387023528153
-0.01905876917700806
-0.01953067266861384
-0.017508030745399125
-0.022097445869754918
-0.02308759088177583
-0.023771525241857702
-0.07003692448915387
-0.07040303839561701
-0.07053838760281647
-0.01806750943104718
-0.018200813610957566
-0.01440484359313251
-0.016068698798806964
-0.016064943774815172
-0.01033596014593687
-0.014351355953252086
-0.014335452768415732
-0.008078152473436098
-0.012937130809770749
-0.012840582436175774
-0.006237202203760476
-0.012252683442983177
-0.01175961483436105
-0.006474149174255752
-0.011187226339351495
-0.010977966576723142
-0.008040670083321093
-0.009945580376529014
-0.01011040653750082
-0.009372143901408954
-0.009022069715164992
-0.008857384283743224
-0.009968106625748416
-0.007604220826516496
-0.007652364343342826
-0.009977075933159872
-0.01809884807178377
-0.017208600443429485
-0.024786642361352022
-0.03403508940615873
-0.032362570047291206
-0.03152283820403699
-0.018540457008035437
-0.016762306148776145
-0.016027515504940047
-0.03159680026846946
-0.029744658444637386
-0.028632318903155346
-0.014737567243218239
-0.014024402719656664
-0.021049308518908145
-0.01931081113196812
-0.017036004611710367
-0.008285260758114652
-0.026743196052163954
-0.025133255533732756
-0.023233512623129
-0.029283143994497406
-0.02766148367449605
-0.025768003850126276
-0.014847993618027668
-0.012206189499229799
-0.011300273367020242
-0.024555277957990448
-0.022376745803107084
-0.021156290663640016
-0.011749258969482345
-0.011008105123440344
-0.01664607005418815
-0.015145745485485985
-0.013262097904834296
-0.006194699549267142
-0.021219704470183808
-0.01840610179764609
-0.014487503703559813
-0.022736920837946668
-0.02065768289195109
-0.017715886283200727
-0.011617950594651677
-0.009083747924096755
-0.007442922914948114
-0.01923700583153939
-0.017053937216605794
-0.012890136504080971
-0.009732717248503551
-0.008815724684402872
-0.0013817361796869025
-0.012638356743705273
-0.01197814437806183
-0.005131964608686581
-0.029666102278300244
-0.030781780238248155
-0.04459129350078745
-0.02369913742558246
-0.0247356775550252
-0.0376539533371446
-0.05976991750878098
-0.06037843544797465
-0.05705108890821544
-0.06886193538577393
-0.06948022118726216
-0.06991410539581605
-0.059586388902624916
-0.059952577326161736
-0.057919003455004156
-0.06669044506360859
-0.06778678601207391
-0.06775167887074143
-0.059292496869920476
-0.06047524065962216
-0.060177915190877375
-0.06556977965352744
-0.06629981937566805
-0.06558977289831285
-0.05837458868025587
-0.05991368152764364
-0.06025677842272226
-0.06427018042088514
-0.06524143673833663
-0.06413661645948723
-0.018378168343419602
-0.012959809896508209
-0.013324935231964112
-0.027235478849038007
-0.03489077948948651
-0.032800205235456105
-0.013115955716712582
-0.015087496598134215
-0.017283875408834203
-0.043930176963414
-0.04587619289021688
-0.044595907414776974
-0.04246381034112244
-0.044009334239261046
-0.042383318110613806
-0.014163319709575774
-0.012204533022537779
-0.012897317838524604
-0.04064526516254607
-0.04068181096469276
-0.0401399197448013
-0.024303159255387344
-0.030192765996950473
-0.028394022808563762
-0.039726861583277324
-0.03939956709833084
-0.038686291836055965
-0.028654271350669523
-0.03289937807246089
-0.03156465298112963
-0.04793947861939898
-0.0473154475138411
-0.04676686236095867
-0.04275298530468645
-0.042220406818530384
-0.041467607155476656
-0.03837945018304132
-0.038402495600520385
-0.037491854153772465
-0.06661701752057164
-0.06691861297333992
-0.06733373318110195
-0.06311872996953992
-0.06367434015894345
-0.06429237978612151
-0.024739279786498505
-0.02527184455842301
-0.026800525632348936
-0.025236932779125445
-0.02570176314705852
-0.027249813106962485
-0.06011800103267815
-0.060762727433706774
-0.061424515609244244
-0.023864032215885123
-0.024698206154809485
-0.02586612602562522
-0.025446343237464267
-0.025419739653388045
-0.026633488449468706
-0.05762074069627894
-0.05752835317965983
-0.05806071047152582
-0.024523840921097655
-0.024307422265536487
-0.02592229590072344
-0.05546417565768793
-0.055223814971715406
-0.05545823614826333
-0.023590602301121255
-0.023780413867983467
-0.02458476899233964
-0.053037354737459574
-0.05231521079976633
-0.0517960833551817
-0.057554622886987414
-0.0588173682260896
-0.06065733536922226
-0.06297781701314942
-0.06366978620982632
-0.06276030946491729
-0.05613251618814146
-0.05727235874013385
-0.059473323608522095
-0.061529702823205266
-0.0621101581366718
-0.06198676541374949
-0.016694698114376048
-0.010985413400730398
-0.011795702179320895
-0.010784133226826762
-0.012534183385478029
-0.01467210833028146
-0.03756189814650282
-0.03807209310609179
-0.03616668359448334
-0.026481945452970373
-0.028477277942155026
-0.02724260190627669
-0.023026321779783664
-0.023322191620613275
-0.025606420939815057
-0.050678201816486294
-0.05008429095972712
-0.04922145748783985
-0.022804690668677245
-0.024028403321845474
-0.026573130964426348
-0.048081613063821145
-0.04786011229028846
-0.04672587647496105
-0.007629618245184621
-0.006051853933790175
0.002409341790782342
-0.017468532944848486
-0.01946059844913312
-0.0303818508302802
-0.05441180781902769
-0.05576386219792355
-0.057264555299230344
-0.060326863755379836
-0.060865124068631246
-0.06165805540584812
-0.05276593561075507
-0.053848400213484054
-0.05597725813586472
-0.059552298853912035
-0.059601553532011804
-0.06120535964929988
-0.05063346960497105
-0.05150513908436591
-0.0531886670932656
-0.05847519284327772
-0.057956441512920794
-0.06007866528084757
-0.04763067001026995
-0.04897228411529784
-0.051182735066278566
-0.056987141002278606
-0.05649380736531078
-0.058535651055499356
-0.015423702327890053
-0.009206801101380401
-0.010292269027492187
-0.013678094597996925
-0.00743334322130978
-0.008998379318947638
-0.011550215866402048
-0.009934628820888912
-0.010599859849909786
-0.0357289295942346
-0.036589425399599
-0.034009285932202336
-0.03526271372130656
-0.034963319172212896
-0.03107518461981366
-0.021584619123309685
-0.027529975950903122
-0.02207680530086601
-0.008995568643265592
-0.010185462391983587
-0.012121864068980692
-0.03383614028842763
-0.03372840392975874
-0.03005107040586455
-0.009690141550222499
-0.00720849558012779
-0.008383510746769992
-0.03128675534747334
-0.031852361172091496
-0.028471674809405448
-0.02417871372783258
-0.026654796578710116
-0.023409426082292534
-0.03488106825355263
-0.03506096428664819
-0.03417470250228168
-0.03217439745881465
-0.03210861352627175
-0.031427222022057055
-0.02266609500115511
-0.023534233581525274
-0.027287584693877695
-0.023318452788985443
-0.02455955909516809
-0.025585121757843807
-0.0461038283192239
-0.04587550614860009
-0.044224335442954794
-0.044279879589056305
-0.04391945926657232
-0.04201435103445631
-0.024011253886162803
-0.028714704056633795
-0.02724015742343326
-0.04256045551788265
-0.04205154086859676
-0.040302701810534455
-0.02927875803253433
-0.031013862508073874
-0.030568626045601233
-0.040999640515183816
-0.040480889457691654
-0.03897444955294255
-0.03364374645792052
-0.03499001538575193
-0.03358421156145068
-0.03982812463086083
-0.03919079427999945
-0.037955458589565505
-0.03511402528936016
-0.0353511251965366
-0.03552490167295086
-0.038712917287065086
-0.037788200541891775
-0.03602327898620715
-0.006690857478657403
-0.006383350983671873
-0.009120563925929102
-0.011798559853686273
-0.009885419093302051
-0.002822455830331681
-0.017206641426962526
-0.015559889477201199
-0.01117072509231416
-0.013815776493466103
-0.014317496675544428
-0.023929032583978896
-0.0438890451195838
-0.04613616400456118
-0.047598321508843876
-0.05508824041833603
-0.054940965325018666
-0.05604899505316464
-0.039581294038699824
-0.042302238042864544
-0.04270556284880513
-0.052935180511177474
-0.0531544456034854
-0.05299701096689603
-0.013353886472477582
-0.010852207560620936
-0.010291448118090955
-0.01119919529875221
-0.00880480132045752
-0.00845067354432073
-0.009356470992008658
-0.007521523250012914
-0.007352915989220811
-0.007841723238306706
-0.0064513024285548755
-0.0068899981875819305
-0.006780325016644861
-0.005745951292732373
-0.0061653428334721185
-0.005645540791316685
-0.0050235285788036935
-0.005008645290083709
-0.03094033473659027
-0.030916392706178873
-0.02953594024753984
-0.033068418517992734
-0.03279275953301427
-0.03287345004332176
-0.0334779337420041
-0.034449645761848925
-0.031997744979369
-0.02474485735710824
-0.024365394520538115
-0.02303506268080961
-0.025619604213597245
-0.025481716375750276
-0.02360826776372828
-0.005936908531045893
-0.00462963320761278
0.0032480550166259785
-0.015937220297118363
-0.013541308240502788
-0.00903372916635613
-0.009972332862529293
-0.010625479062785706
-0.017482743092011678
-0.035006977253004265
-0.036794868832119826
-0.038258493380892385
-0.05106657696072817
-0.05029450093574184
-0.049836380849020326
-0.030268633884079
-0.0310508099153834
-0.03360857684015602
-0.04861803240978266
-0.04774746793819685
-0.04648934389632762
-0.025105102804848786
-0.02596145941842238
-0.02794887443599116
-0.0456563478675774
-0.04488508716635048
-0.04294688786372128
-0.0205512450627286
-0.018923627747928152
-0.014998013427730108
-0.018349398525703588
-0.016696658022813515
-0.01288076705617177
-0.01605959970772379
-0.01349963210362212
-0.011577887468128122
-0.004805823271031659
-0.004682049953951142
-0.003961068231505307
-0.004040075685979754
-0.004063172747123286
-0.003035383398090201
-0.012013408656671769
-0.005551451801166427
-0.006420041727243132
-0.005804949970964031
-0.007617111652867101
-0.009355553689399918
-0.030270023577353474
-0.029316764748704618
-0.027114740184248007
-0.027742781663956276
-0.027974256506336895
-0.025975601810448175
-0.006815393893169705
-0.005663025976314581
-0.006079290700440035
-0.026180779643287955
-0.025937418859803177
-0.02347689572767593
-0.01825661492068173
-0.02376531294753819
-0.020694698457004876
-0.009312781594395515
-0.0044310776827117945
-0.00500215577268625
-0.02365108614572356
-0.023025978604289364
-0.02185794933671381
-0.021596613797250863
-0.024643865591963698
-0.020088164062635454
-0.014518692107701273
-0.013367410328779146
-0.013740877391536245
-0.015732787410591788
-0.014748784268228288
-0.015251472693861774
-0.009213071298129032
-0.008082501156686588
-0.012267653308674941
-0.003150450430590531
-0.003282333052525766
-0.0023989503017986633
-0.014338304551328037
-0.01859490092157756
-0.016855793564027558
-0.02944675243633829
-0.028534796931782826
-0.027211314362842
-0.001214095302890514
-0.00138137393944914
-0.0015105953023255307
-0.0008747468564890031
-0.0011163218552121621
-0.0005732050829186738
-0.00040951522401136187
-0.0005148951453955124
0.0008757050639527591
-0.0005269309856471942
-0.0002327004086892009
0.00047648046346475425
-0.008890159515021008
-0.006866163936126883
-0.0033173149743522244
-0.014457134411043899
-0.011892566746530627
-0.007132517011950868
-0.02237298788929039
-0.021007821677482857
-0.01643144583276062
-0.04260683216534027
-0.04194493250175417
-0.03999329112825425
-0.024153757969359934
-0.022339082898169174
-0.01879991636027985
-0.03993241800395706
-0.03906342362008548
-0.03701477188843149
-0.0023203661799684103
-0.002628668708131076
-0.0018422724271872275
-0.0031301994215658683
-0.005864663723003766
-0.007037398237272666
-0.02236851579277317
-0.01997065778576356
-0.020205609190979676
-0.007004106317767968
-0.0030435137240501686
-0.00362444629574386
-0.004225902754022781
-0.004025838785269834
-0.004639502874169498
-0.02014096065093599
-0.019151766103720373
-0.01880652889347115
-0.014490541430011532
-0.01690167321449246
-0.014117432481265393
-0.007486435112243577
-0.01385815949044229
-0.01049298618552153
-0.0014525568477504784
-0.0038880823520593137
-0.00522366972985017
-0.013569771929179034
-0.013642326256757877
-0.013523662930593375
-0.019365385750118272
-0.020274392883488587
-0.017397605027235908
-0.01591505789691322
-0.01512592731845053
-0.014167026019301646
-0.027651880036702627
-0.02676209933911383
-0.023615036548024756
-0.005022324214873394
-0.005389577290676982
-0.008639221341053695
-0.0040055408243966665
-0.004192227954101084
-0.00600690951633088
-0.007009579862189719
-0.006049410631508338
-0.009240199076074335
-0.0032912283737614348
-0.0027382229869111745
-0.005568683016620692
-0.009286563768854606
-0.007312689261211793
-0.001327104261658557
-0.01177047354419885
-0.00906703574168305
-0.003621556873811358
-0.013243480372493155
-0.010508599269126659
-0.00489668954190685
-0.006877785142209072
-0.005126198250961072
-0.0002801888985757441
-0.010617146708544604
-0.00798532868994987
-0.002548359024750411
-0.0054393478897033845
-0.004283677427999886
-0.006423304607261302
-0.006798102091370519
-0.0051594117859083514
-0.0004648970314328702
-0.00846732263464386
-0.006052472747994235
-0.0006835800911099325
-0.009543243401409307
-0.007204833944075619
-0.0019457847663991914
-0.0046980371644626834
-0.0031319175786314046
0.0026847090062783003
-0.007065000882259331
-0.005001915855990557
-0.00011805452545180177
-0.004661879325199676
-0.003147112847491088
1.9359629105247607e-05
-0.006044997765381923
-0.003936358084104542
0.0009517689315004162
-0.003384555950481709
-0.002649740659282372
-0.005201594094388567
-0.005140476655087032
-0.003177753731797565
0.0015499237806960195
-0.0033997081020869725
-0.0015892790700564783
0.005281954645809797
-0.004349934682888488
-0.0026141297869899005
0.0031784346307485137
-0.0017559207046053229
-0.000528013072515192
0.006751517875084583
-0.002893995933498808
-0.0015961464766792645
0.005717360208838472
-0.004433716002021802
-0.002651986636765693
0.005571014278711555
-0.002833836779577127
-0.001647707548535799
0.0029196408525086477
-0.00342520014360926
-0.0018034569911226205
0.004367267278786603
-0.0075911753524606895
-0.007395584987116826
-0.011521186733933608
-0.002745141310038785
-0.002045422158167268
-0.0014808877349663265
-0.003956916603638548
-0.0031959100079148608
-0.00356958528024827
-0.005408081573276246
-0.005674470383899143
-0.008348269261982549
-0.02023384427604992
-0.020937110824271372
-0.023561845295493565
-0.012056975460704049
-0.013714872229414948
-0.014039868963316294
-0.015778660034597117
-0.016724340721916357
-0.01821485552815148
-0.036928995998273734
-0.036555997884233554
-0.034026660060492236
-0.008201850715848006
-0.008482711844733946
-0.006266135321186862
-0.009638750844462418
-0.010675855947386743
-0.010055354838027254
-0.03259654196402191
-0.03148034843959676
-0.028497871339119244
-0.034782496649411396
-0.03386274091575115
-0.031249457564322857
-0.02487202053756969
-0.022841125654818627
-0.019986791097175733
-0.025143745804948967
-0.023186884968364397
-0.02119410272629552
-0.024394691248173887
-0.022997636594862828
-0.02223173601793234
-0.024003617090453302
-0.022975307813123947
-0.022719278434836232
-0.030369102872229953
-0.029574309125313336
-0.02620351790712252
-0.023513671373580864
-0.02305469786807357
-0.02267699466496042
-0.028198631498670235
-0.02783567688127389
-0.02389379062052656
-0.02315052947860757
-0.0222002004753931
-0.02244316364442308
-0.026764043891098613
-0.025978161813801085
-0.02188346771722513
-0.023100718474612324
-0.02259783929646126
-0.022667053460595325
-0.025376464996873772
-0.024886019119953834
-0.020913572481573276
-0.02267256353628624
-0.022632244744091614
-0.022167383657663402
-0.024066763059041044
-0.023748525928003368
-0.020208008830976624
-0.02268652164085573
-0.022645474553729505
-0.021979027536362414
-0.023344881939298092
-0.023286885278319756
-0.020265518745562046
-0.022467962819034088
-0.022408647790666633
-0.021839675297908354
-0.02276274814573439
-0.02254006664522726
-0.020503786323038432
-0.0016959745877073518
-0.0021597383020130695
-0.0014844061537548443
-0.0015008425245321816
-0.0017062007521707779
-0.001341829753667135
-0.0022384816335141032
-0.0022922947612283944
-0.00302098806211207
-0.011108601016263457
-0.012955983258690901
-0.009216891678013879
-0.004538518970554668
-0.0014964596595409348
-0.002310167147757594
-0.006931298950468775
-0.007601334292313119
-0.008747658240657019
-0.002392779979914114
-0.006104874632772186
-0.006437491092899425
-0.0014028383270932394
-0.001201668970700331
-0.0009924555878067115
0.00020192973476132307
-0.0018079507202507948
-0.0032860246422301803
-0.006016073695863435
-0.006109745307991103
-0.008130647806908819
-0.0002039983078144011
-0.0008292289895710253
-0.0016604398794387398
-0.004528318041994772
-0.00463431390102214
-0.005425077597379508
-0.008870119382749363
-0.010663688497462505
-0.006195903615901812
-0.025276922395143897
-0.023831708968442996
-0.02015274551053473
-0.023437733318068785
-0.02234127256707482
-0.01693675074907715
-0.0023883844604080592
-0.0017428492550770386
-0.004289172720462334
-0.020743842117318247
-0.02106326671596558
-0.019464953693200074
-0.021752425032091672
-0.021873921237967237
-0.01988825194120284
-0.02122764967392052
-0.02143054299018634
-0.020635938985761666
-0.022002779099131533
-0.022054689169061243
-0.020601974383281107
-0.019833007550556725
-0.019950993650567767
-0.019548492824716594
-0.02070253921479017
-0.02075164878483785
-0.020822287198572386
-0.017244223210737396
-0.018038458927340746
-0.01790809674200941
-0.01886741243114876
-0.01899719919082013
-0.01886754193487932
-0.01908327514135947
-0.01963607076950663
-0.019583732399560856
-0.020168795374796863
-0.02030871180533306
-0.020336457336817472
-0.015907800418912914
-0.016292787048323133
-0.016242779443379693
-0.018323519435124044
-0.018598789793133355
-0.01843674594089764
-0.014144575054209406
-0.014672387293259998
-0.013935511030340287
-0.017322193718203503
-0.017739041298834433
-0.016727685943874276
-0.012035439058604854
-0.012717210180853322
-0.011636674673159663
-0.01580297356319557
-0.016528709581511886
-0.015085236470864589
-0.010431412956498373
-0.010944855750949964
-0.009898358746589725
-0.014554485981498588
-0.014939035667134146
-0.013376965496703112
-0.0001713121571224454
-0.00012856774028974997
0.00029461263811568657
-0.003767534504590707
-0.003811499400658572
-0.00344856179770492
-0.004123073025000216
-0.003994179916184186
-0.0034786067501133802
-0.0031776186639940886
-0.0030666540055744383
-0.0027921749135340094
-0.00241571901621112
-0.0023060027448102214
-0.0021939664975179603
-0.00010165920079873309
-9.18619093098947e-05
-0.00026885648341065535
-0.001828887123579905
-0.0012285875527688977
-0.004575341380102635
-0.0008550661241766492
-0.0009042470089315182
-0.0037411753379571148
-0.0017951237533478737
-0.000740986237726443
-0.0006910241425292832
-0.0020539184709338436
-0.0004742873504369309
0.007668626370102683
-0.0023687942666413848
-0.0006983719382692735
0.004803133896253546
-0.002774837042160247
-0.000958116007868669
0.004799336793626506
-0.001839051930622071
-0.0015976118421658896
-0.0016756356575514152
-0.0013013829436480972
-0.0013115126145129418
-0.001468915401938119
-0.0008695316642334402
-0.0008006551342700912
-0.0012737943738557998
-0.00048380755660227084
-0.00036727627422075985
-0.0011709852925615926
-0.0009764048929213568
-0.0009972446820655388
-0.00019081884443566076
-0.000786781502507169
-0.0008447664585380892
-8.120192835331893e-05
-0.0004979917995778066
-0.0003790788643906722
-0.00016302617681247808
-0.002527400564539089
-0.0005687127413818499
-0.001270751191017812
-0.003016695561943632
-0.0034761975787262435
-0.0032868727408689727
0.0007952011415353547
-0.00031809236631286043
-0.001051495823520279
0.0011788950133220673
-0.0009224951816038644
-0.0020231656790928505
-0.0019337536514274483
-0.0031666084611242182
-0.002998023455813895
0.00040074379877345185
-0.0028060982657382373
-0.0015068432525600006
-0.0004892949974045405
-0.0029074848373443936
-0.0020161215498511608
0.002666666436142288
-0.0014045066179808842
-0.0005675357507679967
0.0015444573026532978
-0.0015822167159946082
-0.0010764782836314671
-0.004324319734180373
-0.0038050849114511145
-0.0037646377179407675
-0.020961426800070897
-0.019359900171404244
-0.016429229276612615
-0.0014987353633596839
-0.00035989004080801276
0.005777340473559234
-0.0017682505083951713
-0.00043762333271203717
0.006392485657025151
-0.0007022693571273863
-8.807201074496033e-05
0.0030441833882437117
-0.001033589691656272
-0.00018685575161972508
0.00819881223449039
-0.0003313203345288856
-9.878374087476463e-05
0.005154628846246696
-0.000979713288812373
-0.00021712977014222586
0.005490360936155778
-0.0013831184401822468
-0.0007892452366134545
0.0009324093023951682
-0.006365485781776655
-0.006599001312189386
-0.003484239472286261
-0.003613514412491062
-0.0037779613384079807
0.0005596959271979826
-0.004684960125089385
-0.004780979013200316
-0.0012167959555661008
-0.009060646463486418
-0.009576562697774788
-0.008128090735300714
-0.013092831163722724
-0.013766999964468887
-0.011444320374152397
-0.007675029747464551
-0.007945192557946302
-0.006335148509309564
-0.011884631322892726
-0.012291900374838178
-0.009854450637867225
-0.005370103385107959
-0.005831720737001361
-0.0036286377801181624
-0.006494801764782433
-0.006949767155661804
-0.0050477628279036605
-0.009142798077584372
-0.009589502941253924
-0.006824525024396152
-0.01051087482964919
-0.010916020670437987
-0.008272938826447957
-0.00369899593936614
-0.0036147321403534305
-0.0032529662785083504
-0.003772694692476416
-0.00375778220425255
-0.0031958872442779877
-0.00798160952584458
-0.007898234579020289
-0.005721045022967349
-0.0032727044066108166
-0.003393249177212513
-0.002879226295672322
-0.006570588997280532
-0.006569074403012413
-0.004483457529670602
-0.0022864310219621563
-0.0022925591772291407
-0.002323089532139411
-0.003056078596601197
-0.0029008374749709535
-0.002732069927019818
-0.00412725827747901
-0.003638701917644739
-0.0025738649722933356
-0.005328990157043365
-0.005193965604644207
-0.003534537851553792
-0.0017598479647093989
-0.0017943093096465807
-0.0014942743699842519
-0.0025470884326528366
-0.0026234831858499967
-0.0015084052442914748
-0.0011664896324615384
-0.0013848897158839984
-0.0009205178856836875
-0.00401607306486676
-0.003966253514776163
-0.0032251759985443087
-0.001493667312448858
-0.0017505281892930126
-0.000872889962132295
0.0
0.0
0.0
-0.0005678175005364525
-0.0007913276115845082
-0.00045740121662227396
0.0
0.0
0.0
-0.0007017963119781208
-0.0009639764548995921
-0.0004350369093093803
-0.004209601575428176
-0.004346707816891867
-0.0035193021285576825
-0.000761111963781421
0.00010899190934791426
0.008894277144547016
-0.0008667301164143138
6.3163891792394e-05
0.00782461775614196
-0.0005913633640321329
-0.0001557494425868214
0.0014476264262779572
-0.002275746522261452
-0.0022881798234925606
0.0017534809790220708
-0.0013509771059274673
-0.0011162811839117532
0.0020210025942876872
-0.004032184700236307
-0.004190437266694091
-0.0033162296388516872
-0.004282613586478441
-0.004283502438666863
-0.0024680787444589943
-0.0018408272555168572
-0.0013461427404155997
-0.0002507754401539235
-0.0022729115604421695
-0.0022931281296732567
-0.0008024679245339734
-0.0032978845906697137
-0.0031758252257999085
-0.0016042312339982752
-0.0006092757064078609
0.00017142593984754891
0.0077153122388048
-0.0006153139329200109
0.00016422391405219476
0.008652553558841833
0.0
0.0
0.0
0.0
0.0
0.0
-0.0002718051689956595
0.0001782314976745113
0.005472309894917742
-0.0004126380618776307
0.0002079190895261064
0.008853180211415075
-0.00014083289288197118
2.968759185159513e-05
0.0033808703164973446
-0.0007872404679434385
-0.0008291738762034146
-1.4130874307223417e-05
-0.00039445734276190064
-0.002488005899425377
-0.0004553474290397216
-0.01845153486870013
-0.013261227604221694
-0.013087009025353681
-0.011619223281850754
-0.009375165040307889
-0.008136967023930726
-0.00025035406703986617
-0.00018076793109400845
-0.0007137224420782689
-0.0011222091334889895
-0.00017771009801372434
-0.0005089425328634704
0.0013732913777491475
-0.00019440159125376586
-0.0007792430272883631
0.0013732913777491475
-0.0013363926746929055
-0.0007792430272883631
0.000967000146352256
-7.27559929452637e-05
-0.00032780130322020205
0.0011807461337914444
-0.00011859242356389394
-0.0005452602404981483
0.0012463806808045742
-6.718254698875103e-05
-0.000251227277670397
0.0009024503942361818
-0.00010360973680683544
-0.00039110452289758073
-0.00013165917828486382
0.00018272886135030256
0.007196603016686659
-0.00013165917828486382
0.00018272886135030256
0.007196603016686659
-0.00026951514503548743
-7.773329190402462e-05
0.0006151451834659221
-0.0005380765942167433
-0.0006414107245902541
0.001772577848372525
-0.000199624870075435
-1.08151465587218e-05
-0.00030176634802593513
-0.00012028370422562774
0.0
-5.906905757215615e-05
-4.322241682733275e-05
0.0
-6.162776760090853e-05
-0.0002049374148068955
-0.00022958343378254238
-0.0001787634984480917
-0.0003439302865683923
-3.6427189818084396e-05
-0.00013987724522718372
-9.766676301973104e-05
-7.560920774129034e-05
2.4464638252381317e-05
-0.00031487579570754125
-0.0002240845878323427
-0.0028654924738491442
0.0
0.0
0.0
0.0
0.0
0.0
-0.00013165917828486382
0.00018600972191167709
0.006586318556198099
-0.00013165917828486382
0.00018600972191167709
0.006586318556198099
-4.967559904498841e-06
0.00013405760083361323
0.004796870628384553
1.1811563302908285e-05
0.00016194623223324473
0.006173425585699702
1.6779123207407133e-05
2.7888631399631514e-05
0.001376554957315153
-6.038226512150047e-06
-7.202025795354139e-06
0.0009372413200370437
-9.516045662486618e-05
-0.00012060370800190423
0.0016376553228958281
-0.0001339788114416682
-0.00017264884331508404
2.2364307312893586e-05
-0.0003271776799873194
-0.0003656384734090139
4.762792355139248e-05
0.0006306464108310501
-6.570963824470529e-05
-0.0002434729736407306
0.0006306464108310501
-6.570963824470529e-05
-0.0002434729736407306
0.0002137459874391883
-4.583643061863025e-05
-0.00021745893727794633
0.0
0.0
0.0
4.2010202241650773e-05
0.00013405760083361323
0.0026626844319521626
4.2010202241650773e-05
0.00013405760083361323
0.0026626844319521626
0.0
0.0
0.0
0.0
0.0
0.0
0.0005550543732398512
-1.8551972678218042e-05
-0.00015629747367371306
0.0006016631406955516
-1.8551972678218042e-05
-0.00020729465252021395
-0.0060130660158178575
-0.004072211153957766
-0.004665859666230548
-0.00010561815263289277
-4.5828017555520266e-05
-0.0010696593884050593
2.6348906166803055e-05
0.0
0.0005877652039831214
2.6348906166803055e-05
0.0
0.0005877652039831214
0.0003558736116742981
-1.8551972678218042e-05
-7.419962455732617e-05
0.0003365375418484572
-1.8551972678218042e-05
-7.419962455732617e-05
-0.0030719610120577305
-0.0022043749366659803
-0.0009748577767210448
0.00015942498823060872
-1.8551972678218042e-05
-6.097780557073005e-05
0.00015942498823060872
-1.8551972678218042e-05
-6.097780557073005e-05
-4.0687652691784495e-05
-3.9738342854373525e-05
0.0
-1.9336069825840957e-05
0.0
0.0
0.00011343424366542989
0.0
-6.097780557073005e-05
0.00011343424366542989
0.0
-6.097780557073005e-05
4.660876745570057e-05
0.0
-5.09971788465009e-05
7.441086934504231e-05
0.0
-6.097780557073005e-05
7.441086934504231e-05
0.0
-6.097780557073005e-05
0.0
-0.0011419910834391397
0.0
0.0
0.0
0.0
0.0
0.0
0.0
0.0
0.0
0.0
0.0
0.0
0.0
0.0
0.0
0.0
0.0
0.0
0.0
0.0
0.0
0.0
0.0
0.0
0.0
0.0
0.0
0.0
0.0
0.0
0.0
0.0
0.0
0.0
0.0
0.0
0.0
0.0
0.0
0.0
0.0
0.0
0.0
0.0
0.0
0.0
0.0
0.0
0.0
0.0
0.0
0.0
0.0
0.0
0.0
0.0
0.0
0.0
0.0
0.0
0.0
0.0
0.0
0.0
0.0
0.0
0.0
0.0
0.0
0.0
0.0
0.0
0.0
0.0
0.0
0.0
0.0
0.0
0.0
0.0
0.0
0.0
0.0
0.0
0.0
0.0
0.0
0.0
0.0
0.0
0.0
0.0
0.0
0.0
0.0
0.0
0.0
0.0
0.0
0.0
0.0
0.0
0.0
0.0
0.0
0.0
0.0
0.0
0.0
0.0
0.0
0.0
0.0
0.0
0.0
0.0
0.0
0.0
0.0
0.0
0.0
0.0
0.0
0.0
0.0
0.0
0.0
0.0
0.0
0.0
0.0
0.0
0.0
0.0
0.0
0.0
0.0
0.0
0.0
0.0
0.0
0.0
0.0
0.0
0.0
0.0
0.0
0.0
0.0
0.0
0.0
0.0
0.0
0.0
0.0
0.0
0.0
0.0
0.0
0.0
0.0
0.0
0.0
0.0
0.0
0.0
0.0
0.0
0.0
0.0
0.0
0.0
0.0
0.0
0.0
0.0
0.0
0.0
0.0
0.0
0.0
0.0
0.0
0.0
0.0
0.0
0.0
0.0
0.0
0.0
0.0
0.0
0.0
0.0
0.0
0.0
0.0
0.0
0.0
0.0
0.0
0.0
0.0
0.0
0.0
0.0
0.0
0.0
0.0
0.0
0.0
0.0
0.0
0.0
0.0
0.0
0.0
0.0
0.0
0.0
0.0
0.0
0.0
0.0
0.0
0.0
0.0
0.0
0.0
0.0
0.0
0.0
0.0
0.0
0.0
0.0
0.0
0.0
0.0
0.0
0.0
0.0
0.0
0.0
0.0
0.0
0.0
0.0
0.0
0.0
0.0
0.0
0.0
0.0
0.0
0.0
0.0
0.0
0.0
0.0
0.0
0.0
0.0
0.0
0.0
0.0
0.0
0.0
0.0
0.0
0.0
0.0
0.0
0.0
0.0
0.0
0.0
0.0
0.0
0.0
0.0
0.0
0.0
0.0
0.0
0.0
0.0
0.0
0.0
0.0
0.0
0.0
0.0
0.0
0.0
0.0
0.0
0.0
0.0
0.0
0.0
0.0
0.0
0.0
0.0
0.0
0.0
0.0
0.0
0.0
0.0
0.0
0.0
0.0
0.0
0.0
0.0
0.0
0.0
0.0
0.0
0.0
0.0
0.0
0.0
0.0
0.0
0.0
0.0
0.0
0.0
0.0
0.0
0.0
0.0
0.0
0.0
0.0
0.0
0.0
0.0
0.0
0.0
0.0
0.0
0.0
0.0
0.0
0.0
0.0
0.0
0.0
0.0
0.0
0.0
0.0
0.0
0.0
0.0
0.0
0.0
0.0
0.0
0.0
0.0
0.0
0.0
0.0
0.0
0.0
0.0
0.0
0.0
0.0
0.0
0.0
0.0
0.0
0.0
0.0
0.0
0.0
0.0
0.0
0.0
0.0
0.0
0.0
0.0
0.0
0.0
0.0
0.0
0.0
0.0
0.0
0.0
0.0
0.0
0.0
0.0
0.0
0.0
0.0
0.0
0.0
0.0
0.0
0.0
0.0
0.0
0.0
0.0
0.0
0.0
0.0
0.0
0.0
0.0
0.0
0.0
0.0
0.0
0.0
0.0
0.0
0.0
0.0
0.0
0.0
0.0
0.0
0.0
0.0
0.0
0.0
0.0
0.0
0.0
0.0
0.0
0.0
0.0
0.0
0.0
0.0
0.0
0.0
0.0
0.0
0.0
0.0
0.0
0.0
0.0
0.0
0.0
0.0
0.0
0.0
0.0
0.0
0.0
0.0
0.0
0.0
0.0
0.0
0.0
0.0
0.0
0.0
0.0
0.0
0.0
0.0
0.0
0.0
0.0
0.0
0.0
0.0
0.0
0.0
0.0
0.0
0.0
0.0
0.0
0.0
0.0
0.0
0.0
0.0
0.0
0.0
0.0
0.0
0.0
0.0
0.0
0.0
0.0
0.0
0.0
0.0
0.0
0.0
0.0
0.0
0.0
0.0
0.0
0.0
0.0
0.0
0.0
0.0
0.0
0.0
0.0
0.0
0.0
0.0
0.0
0.0
0.0
0.0
0.0
0.0
0.0
0.0
0.0
0.0
0.0
0.0
0.0
0.0
0.0
0.0
0.0
0.0
0.0
0.0
0.0
0.0
0.0
0.0
0.0
0.0
0.0
0.0
0.0
0.0
0.0
0.0
0.0
0.0
0.0
0.0
0.0
0.0
0.0
0.0
0.0
0.0
0.0
0.0
0.0
0.0
0.0
0.0
0.0
0.0
0.0
0.0
0.0
0.0
0.0
0.0
0.0
0.0
0.0
0.0
0.0
0.0
0.0
0.0
0.0
0.0
0.0
0.0
0.0
0.0
0.0
0.0
0.0
0.0
0.0
0.0
0.0
0.0
0.0
0.0
0.0
0.0
0.0
0.0
0.0
0.0
0.0
0.0
0.0
0.0
0.0
0.0
0.0
0.0
0.0
0.0
0.0
0.0
0.0
0.0
0.0
0.0
0.0
0.0
0.0
0.0
0.0
0.0
0.0
0.0
0.0
0.0
0.0
0.0
0.0
0.0
0.0
0.0
0.0
0.0
0.0
0.0
0.0
0.0
0.0
0.0
0.0
0.0
0.0
0.0
0.0
0.0
0.0
0.0
0.0
0.0
0.0
0.0
0.0
0.0
0.0
0.0
0.0
0.0
0.0
0.0
0.0
0.0
0.0
0.0
0.0
0.0
0.0
0.0
0.0
0.0
0.0
0.0
0.0
0.0
0.0
0.0
0.0
0.0
0.0
0.0
0.0
0.0
0.0
0.0
0.0
0.0
0.0
0.0
0.0
0.0
0.0
0.0
0.0
0.0
0.0
0.0
0.0
0.0
0.0
0.0
0.0
0.0
0.0
0.0
0.0
0.0
0.0
0.0
0.0
0.0
0.0
0.0
0.0
0.0
0.0
0.0
0.0
0.0
0.0
0.0
0.0
0.0
0.0
0.0
0.0
0.0
0.0
0.0
0.0
0.0
0.0
0.0
0.0
0.0
0.0
0.0
0.0
0.0
0.0
0.0
0.0
0.0
0.0
0.0
0.0
0.0
0.0
0.0
0.0
0.0
0.0
0.0
0.0
0.0
0.0
0.0
0.0
0.0
0.0
0.0
0.0
0.0
0.0
0.0
0.0
0.0
0.0
0.0
0.0
0.0
0.0
0.0
0.0
0.0
0.0
0.0
0.0
0.0
0.0
0.0
0.0
0.0
0.0
0.0
0.0
0.0
0.0
0.0
0.0
0.0
0.0
0.0
0.0
0.0
0.0
0.0
0.0
0.0
0.0
0.0
0.0
0.0
0.0
0.0
0.0
0.0
0.0
0.0
0.0
0.0
0.0
0.0
0.0
0.0
0.0
0.0
0.0
0.0
0.0
0.0
0.0
0.0
0.0
0.0
0.0
0.0
0.0
0.0
0.0
0.0
0.0
0.0
0.0
0.0
0.0
0.0
0.0
0.0
0.0
0.0
0.0
0.0
0.0
0.0
0.0
0.0
0.0
0.0
0.0
0.0
0.0
0.0
0.0
0.0
0.0
0.0
0.0
0.0
0.0
0.0
0.0
0.0
0.0
0.0
0.0
0.0
0.0
0.0
0.0
0.0
0.0
0.0
0.0
0.0
0.0
0.0
0.0
0.0
0.0
0.0
0.0
0.0
0.0
0.0
0.0
0.0
0.0
0.0
0.0
0.0
0.0
0.0
0.0
0.0
0.0
0.0
0.0
0.0
0.0
0.0
0.0
0.0
0.0
0.0
0.0
0.0
0.0
0.0
0.0
0.0
0.0
0.0
0.0
0.0
0.0
0.0
0.0
0.0
0.0
0.0
0.0
0.0
0.0
0.0
0.0
0.0
0.0
0.0
0.0
0.0
0.0
0.0
0.0
0.0
0.0
0.0
0.0
0.0
0.0
0.0
0.0
0.0
0.0
0.0
0.0
0.0
0.0
0.0
0.0
0.0
0.0
0.0
0.0
0.0
0.0
0.0
0.0
0.0
0.0
0.0
0.0
0.0
0.0
0.0
0.0
0.0
0.0
0.0
0.0
0.0
0.0
0.0
0.0
0.0
0.0
0.0
0.0
0.0
0.0
0.0
0.0
0.0
0.0
0.0
0.0
0.0
0.0
0.0
0.0
0.0
0.0
0.0
0.0
0.0
0.0
0.0
0.0
0.0
0.0
0.0
0.0
0.0
0.0
0.0
0.0
0.0
0.0
0.0
0.0
0.0
0.0
0.0
0.0
0.0
0.0
0.0
0.0
0.0
0.0
0.0
0.0
0.0
0.0
0.0
0.0
0.0
0.0
0.0
0.0
0.0
0.0
0.0
0.0
0.0
0.0
0.0
0.0
0.0
0.0
0.0
0.0
0.0
0.0
0.0
0.0
0.0
0.0
0.0
0.0
0.0
0.0
0.0
0.0
0.0
0.0
0.0
0.0
0.0
0.0
0.0
0.0
0.0
0.0
0.0
0.0
0.0
0.0
0.0
0.0
0.0
0.0
0.0
0.0
0.0
0.0
0.0
0.0
0.0
0.0
0.0
0.0
0.0
0.0
0.0
0.0
0.0
0.0
0.0
0.0
0.0
0.0
0.0
0.0
0.0
0.0
0.0
0.0
0.0
0.0
0.0
0.0
0.0
0.0
0.0
0.0
0.0
0.0
0.0
0.0
0.0
0.0
0.0
0.0
0.0
0.0
0.0
0.0
0.0
0.0
0.0
0.0
0.0
0.0
0.0
0.0
0.0
0.0
0.0
0.0
0.0
0.0
0.0
0.0
0.0
0.0
0.0
0.0
0.0
0.0
0.0
0.0
0.0
0.0
0.0
0.0
0.0
0.0
0.0
0.0
0.0
0.0
0.0
0.0
0.0
0.0
0.0
0.0
0.0
0.0
0.0
0.0
0.0
0.0
0.0
0.0
0.0
0.0
0.0
0.0
0.0
0.0
0.0
0.0
0.0
0.0
0.0
0.0
0.0
0.0
0.0
0.0
0.0
0.0
0.0
0.0
0.0
0.0
0.0
0.0
0.0
0.0
0.0
0.0
0.0
0.0
0.0
0.0
0.0
0.0
0.0
0.0
0.0
0.0
0.0
0.0
0.0
0.0
0.0
0.0
0.0
0.0
0.0
0.0
0.0
0.0
0.0
0.0
0.0
0.0
0.0
0.0
0.0
0.0
0.0
0.0
0.0
0.0
0.0
0.0
0.0
0.0
0.0
0.0
0.0
0.0
0.0
0.0
0.0
0.0
0.0
0.0
0.0
0.0
0.0
0.0
0.0
0.0
0.0
0.0
0.0
0.0
0.0
0.0
0.0
0.0
0.0
0.0
0.0
0.0
0.0
0.0
0.0
0.0
0.0
0.0
0.0
0.0
0.0
0.0
0.0
0.0
0.0
0.0
0.0
0.0
0.0
0.0
0.0
0.0
0.0
0.0
0.0
0.0
0.0
0.0
0.0
0.0
0.0
0.0
0.0
0.0
0.0
0.0
0.0
0.0
0.0
0.0
0.0
0.0
0.0
0.0
0.0
0.0
0.0
0.0
0.0
0.0
0.0
0.0
0.0
0.0
0.0
0.0
0.0
0.0
0.0
0.0
0.0
0.0
0.0
0.0
0.0
0.0
0.0
0.0
0.0
0.0
0.0
0.0
0.0
0.0
0.0
0.0
0.0
0.0
0.0
0.0
0.0
0.0
0.0
0.0
0.0
0.0
0.0
0.0
0.0
0.0
0.0
0.0
0.0
0.0
0.0
0.0
0.0
0.0
0.0
0.0
0.0
0.0
0.0
0.0
0.0
0.0
0.0
0.0
0.0
0.0
0.0
0.0
0.0
0.0
0.0
0.0
0.0
0.0
0.0
0.0
0.0
0.0
0.0
0.0
0.0
0.0
0.0
0.0
0.0
0.0
0.0
0.0
0.0
0.0
0.0
0.0
0.0
0.0
0.0
0.0
0.0
0.0
0.0
0.0
0.0
0.0
0.0
0.0
0.0
0.0
0.0
0.0
0.0
0.0
0.0
0.0
0.0
0.0
0.0
0.0
0.0
0.0
0.0
0.0
0.0
0.0
0.0
0.0
0.0
0.0
0.0
0.0
0.0
0.0
0.0
0.0
0.0
0.0
0.0
0.0
0.0
0.0
0.0
0.0
0.0
0.0
0.0
0.0
0.0
0.0
0.0
0.0
0.0
0.0
0.0
0.0
0.0
0.0
0.0
0.0
0.0
0.0
0.0
0.0
0.0
0.0
0.0
0.0
0.0
0.0
0.0
0.0
0.0
0.0
0.0
0.0
0.0
0.0
0.0
0.0
0.0
0.0
0.0
0.0
0.0
0.0
0.0
0.0
0.0
0.0
0.0
0.0
0.0
0.0
0.0
0.0
0.0
0.0
0.0
0.0
0.0
0.0
0.0
0.0
0.0
0.0
0.0
0.0
0.0
0.0
0.0
0.0
0.0
0.0
0.0
0.0
0.0
0.0
0.0
0.0
0.0
0.0
0.0
0.0
0.0
0.0
0.0
0.0
0.0
0.0
0.0
0.0
0.0
0.0
0.0
0.0
0.0
0.0
0.0
0.0
0.0
0.0
0.0
0.0
0.0
0.0
0.0
0.0
0.0
0.0
0.0
0.0
0.0
0.0
0.0
0.0
0.0
0.0
0.0
0.0
0.0
0.0
0.0
0.0
0.0
0.0
0.0
0.0
0.0
0.0
0.0
0.0
0.0
0.0
0.0
0.0
0.0
0.0
0.0
0.0
0.0
0.0
0.0
0.0
0.0
0.0
0.0
0.0
0.0
0.0
0.0
0.0
0.0
0.0
0.0
0.0
0.0
0.0
0.0
0.0
0.0
0.0
0.0
0.0
0.0
0.0
0.0
0.0
0.0
0.0
0.0
0.0
0.0
0.0
0.0
0.0
0.0
0.0
0.0
0.0
0.0
0.0
0.0
0.0
0.0
0.0
0.0
0.0
0.0
0.0
0.0
0.0
0.0
0.0
0.0
0.0
0.0
0.0
0.0
0.0
0.0
0.0
0.0
0.0
0.0
0.0
0.0
0.0
0.0
0.0
0.0
0.0
0.0
0.0
0.0
0.0
0.0
0.0
0.0
0.0
0.0
0.0
0.0
0.0
0.0
0.0
0.0
0.0
0.0
0.0
0.0
0.0
0.0
0.0
0.0
0.0
0.0
0.0
0.0
0.0
0.0
0.0
0.0
0.0
0.0
0.0
0.0
0.0
0.0
0.0
0.0
0.0
0.0
0.0
0.0
0.0
0.0
0.0
0.0
0.0
0.0
0.0
0.0
0.0
0.0
0.0
0.0
0.0
0.0
0.0
0.0
0.0
0.0
0.0
0.0
0.0
0.0
0.0
0.0
0.0
0.0
0.0
0.0
0.0
0.0
0.0
0.0
0.0
0.0
0.0
0.0
0.0
0.0
0.0
0.0
0.0
0.0
0.0
0.0
0.0
0.0
0.0
0.0
0.0
0.0
0.0
0.0
0.0
0.0
0.0
0.0
0.0
0.0
0.0
0.0
0.0
0.0
0.0
0.0
0.0
0.0
0.0
0.0
0.0
0.0
0.0
0.0
0.0
0.0
0.0
0.0
0.0
0.0
0.0
0.0
0.0
0.0
0.0
0.0
0.0
0.0
0.0
0.0
0.0
0.0
0.0
0.0
0.0
0.0
0.0
0.0
0.0
0.0
0.0
0.0
0.0
0.0
0.0
0.0
0.0
0.0
0.0
0.0
0.0
0.0
0.0
0.0
0.0
0.0
0.0
0.0
0.0
0.0
0.0
0.0
0.0
0.0
0.0
0.0
0.0
0.0
0.0
0.0
0.0
0.0
0.0
0.0
0.0
0.0
0.0
0.0
0.0
0.0
0.0
0.0
0.0
0.0
0.0
0.0
0.0
0.0
0.0
0.0
0.0
0.0
0.0
0.0
0.0
0.0
0.0
0.0
0.0
0.0
0.0
0.0
0.0
0.0
0.0
0.0
0.0
0.0
0.0
0.0
0.0
0.0
0.0
0.0
0.0
0.0
0.0
0.0
0.0
0.0
0.0
0.0
0.0
0.0
0.0
0.0
0.0
0.0
0.0
0.0
0.0
0.0
0.0
0.0
0.0
0.0
0.0
0.0
0.0
0.0
0.0
0.0
0.0
0.0
0.0
0.0
0.0
0.0
0.0
0.0
0.0
0.0
0.0
0.0
0.0
0.0
0.0
0.0
0.0
0.0
0.0
0.0
0.0
0.0
0.0
0.0
0.0
0.0
0.0
0.0
0.0
0.0
0.0
0.0
0.0
0.0
0.0
0.0
0.0
0.0
0.0
0.0
0.0
0.0
0.0
0.0
0.0
0.0
0.0
0.0
0.0
0.0
0.0
0.0
0.0
0.0
0.0
0.0
0.0
0.0
0.0
0.0
0.0
0.0
0.0
0.0
0.0
0.0
0.0
0.0
0.0
0.0
0.0
0.0
0.0
0.0
0.0
0.0
0.0
0.0
0.0
0.0
0.0
0.0
0.0
0.0
0.0
0.0
0.0
0.0
0.0
0.0
0.0
0.0
0.0
0.0
0.0
0.0
0.0
0.0
0.0
0.0
0.0
0.0
0.0
0.0
0.0
0.0
0.0
0.0
0.0
0.0
0.0
0.0
0.0
0.0
0.0
0.0
0.0
0.0
0.0
0.0
0.0
0.0
0.0
0.0
0.0
0.0
0.0
0.0
0.0
0.0
0.0
0.0
0.0
0.0
0.0
0.0
0.0
0.0
0.0
0.0
0.0
0.0
0.0
0.0
0.0
0.0
0.0
0.0
0.0
0.0
0.0
0.0
0.0
0.0
0.0
0.0
0.0
0.0
0.0
0.0
0.0
0.0
0.0
0.0
0.0
0.0
0.0
0.0
0.0
0.0
0.0
0.0
0.0
0.0
0.0
0.0
0.0
0.0
0.0
0.0
0.0
0.0
0.0
0.0
0.0
0.0
0.0
0.0
0.0
0.0
0.0
0.0
0.0
0.0
0.0
0.0
0.0
0.0
0.0
0.0
0.0
0.0
0.0
0.0
0.0
0.0
0.0
0.0
0.0
0.0
0.0
0.0
0.0
0.0
0.0
0.0
0.0
0.0
0.0
0.0
0.0
0.0
0.0
0.0
0.0
0.0
0.0
0.0
0.0
0.0
0.0
0.0
0.0
0.0
0.0
0.0
0.0
0.0
0.0
0.0
0.0
0.0
0.0
0.0
0.0
0.0
0.0
0.0
0.0
0.0
0.0
0.0
0.0
0.0
0.0
0.0
0.0
0.0
0.0
0.0
0.0
0.0
0.0
0.0
0.0
0.0
0.0
0.0
0.0
0.0
0.0
0.0
0.0
0.0
0.0
0.0
0.0
0.0
0.0
0.0
0.0
0.0
0.0
0.0
0.0
0.0
0.0
0.0
0.0
0.0
0.0
0.0
0.0
0.0
0.0
0.0
0.0
0.0
0.0
0.0
0.0
0.0
0.0
0.0
0.0
0.0
0.0
0.0
0.0
0.0
0.0
0.0
0.0
0.0
0.0
0.0
0.0
0.0
0.0
0.0
0.0
0.0
0.0
0.0
0.0
0.0
0.0
0.0
0.0
0.0
0.0
0.0
0.0
0.0
0.0
0.0
0.0
0.0
0.0
0.0
0.0
0.0
0.0
0.0
0.0
0.0
0.0
0.0
0.0
0.0
0.0
0.0
0.0
0.0
0.0
0.0
0.0
0.0
0.0
0.0
0.0
0.0
0.0
0.0
0.0
0.0
0.0
0.0
0.0
0.0
0.0
0.0
0.0
0.0
0.0
0.0
0.0
0.0
0.0
0.0
0.0
0.0
0.0
0.0
0.0
0.0
0.0
0.0
0.0
0.0
0.0
0.0
0.0
0.0
0.0
0.0
0.0
0.0
0.0
0.0
0.0
0.0
0.0
0.0
0.0
0.0
0.0
0.0
0.0
0.0
0.0
0.0
0.0
0.0
0.0
0.0
0.0
0.0
0.0
0.0
0.0
0.0
0.0
0.0
0.0
0.0
0.0
0.0
0.0
0.0
0.0
0.0
0.0
0.0
0.0
0.0
0.0
0.0
0.0
0.0
0.0
0.0
0.0
0.0
0.0
0.0
0.0
0.0
0.0
0.0
0.0
0.0
0.0
0.0
0.0
0.0
0.0
0.0
0.0
0.0
0.0
0.0
0.0
0.0
0.0
0.0
0.0
0.0
0.0
0.0
0.0
0.0
0.0
0.0
0.0
0.0
0.0
0.0
0.0
0.0
0.0
0.0
0.0
0.0
0.0
0.0
0.0
0.0
0.0
0.0
0.0
0.0
0.0
0.0
0.0
0.0
0.0
0.0
0.0
0.0
0.0
0.0
0.0
0.0
0.0
0.0
0.0
0.0
0.0
0.0
0.0
0.0
0.0
0.0
0.0
0.0
0.0
0.0
0.0
0.0
0.0
0.0
0.0
0.0
0.0
0.0
0.0
0.0
0.0
0.0
0.0
0.0
0.0
0.0
0.0
0.0
0.0
0.0
0.0
0.0
0.0
0.0
0.0
0.0
0.0
0.0
0.0
0.0
0.0
0.0
0.0
0.0
0.0
0.0
0.0
0.0
0.0
0.0
0.0
0.0
0.0
0.0
0.0
0.0
0.0
0.0
0.0
0.0
0.0
0.0
0.0
0.0
0.0
0.0
0.0
0.0
0.0
0.0
0.0
0.0
0.0
0.0
0.0
0.0
0.0
0.0
0.0
0.0
0.0
0.0
0.0
0.0
0.0
0.0
0.0
0.0
0.0
0.0
0.0
0.0
0.0
0.0
0.0
0.0
0.0
0.0
0.0
0.0
0.0
0.0
0.0
0.0
0.0
0.0
0.0
0.0
0.0
0.0
0.0
0.0
0.0
0.0
0.0
0.0
0.0
0.0
0.0
0.0
0.0
0.0
0.0
0.0
0.0
0.0
0.0
0.0
0.0
0.0
0.0
0.0
0.0
0.0
0.0
0.0
0.0
0.0
0.0
0.0
0.0
0.0
0.0
0.0
0.0
0.0
0.0
0.0
0.0
0.0
0.0
0.0
0.0
0.0
0.0
0.0
0.0
0.0
0.0
0.0
0.0
0.0
0.0
0.0
0.0
0.0
0.0
0.0
0.0
0.0
0.0
0.0
0.0
0.0
0.0
0.0
0.0
0.0
0.0
0.0
0.0
0.0
0.0
0.0
0.0
0.0
0.0
0.0
0.0
0.0
0.0
0.0
0.0
0.0
0.0
0.0
0.0
0.0
0.0
0.0
0.0
0.0
0.0
0.0
0.0
0.0
0.0
0.0
0.0
0.0
0.0
0.0
0.0
0.0
0.0
0.0
0.0
0.0
0.0
0.0
0.0
0.0
0.0
0.0
0.0
0.0
0.0
0.0
0.0
0.0
0.0
0.0
0.0
0.0
0.0
0.0
0.0
0.0
0.0
0.0
0.0
0.0
0.0
0.0
0.0
0.0
0.0
0.0
0.0
0.0
0.0
0.0
0.0
0.0
0.0
0.0
0.0
0.0
0.0
0.0
0.0
0.0
0.0
0.0
0.0
0.0
0.0
0.0
0.0
0.0
0.0
0.0
0.0
0.0
0.0
0.0
0.0
0.0
0.0
0.0
0.0
0.0
0.0
0.0
0.0
0.0
0.0
0.0
0.0
0.0
0.0
0.0
0.0
0.0
0.0
0.0
0.0
0.0
0.0
0.0
0.0
0.0
0.0
0.0
0.0
0.0
0.0
0.0
0.0
0.0
0.0
0.0
0.0
0.0
0.0
0.0
0.0
0.0
0.0
0.0
0.0
0.0
0.0
0.0
0.0
0.0
0.0
0.0
0.0
0.0
0.0
0.0
0.0
0.0
0.0
0.0
0.0
0.0
0.0
0.0
0.0
0.0
0.0
0.0
0.0
0.0
0.0
0.0
0.0
0.0
0.0
0.0
0.0
0.0
0.0
0.0
0.0
0.0
0.0
0.0
0.0
0.0
0.0
0.0
0.0
0.0
0.0
0.0
0.0
0.0
0.0
0.0
0.0
0.0
0.0
0.0
0.0
0.0
0.0
0.0
0.0
0.0
0.0
0.0
0.0
0.0
0.0
0.0
0.0
0.0
0.0
0.0
0.0
0.0
0.0
0.0
0.0
0.0
0.0
0.0
0.0
0.0
0.0
0.0
0.0
0.0
0.0
0.0
0.0
0.0
0.0
0.0
0.0
0.0
0.0
0.0
0.0
0.0
0.0
0.0
0.0
0.0
0.0
0.0
0.0
0.0
0.0
0.0
0.0
0.0
0.0
0.0
0.0
0.0
0.0
0.0
0.0
0.0
0.0
0.0
0.0
0.0
0.0
0.0
0.0
0.0
0.0
0.0
0.0
0.0
0.0
0.0
0.0
0.0
0.0
0.0
0.0
0.0
0.0
0.0
0.0
0.0
0.0
0.0
0.0
0.0
0.0
0.0
0.0
0.0
0.0
0.0
0.0
0.0
0.0
0.0
0.0
0.0
0.0
0.0
0.0
0.0
0.0
0.0
0.0
0.0
0.0
0.0
0.0
0.0
0.0
0.0
0.0
0.0
0.0
0.0
0.0
0.0
0.0
0.0
0.0
0.0
0.0
0.0
0.0
0.0
0.0
0.0
0.0
0.0
0.0
0.0
0.0
0.0
0.0
0.0
0.0
0.0
0.0
0.0
0.0
0.0
0.0
0.0
0.0
0.0
0.0
0.0
0.0
0.0
0.0
0.0
0.0
0.0
0.0
0.0
0.0
0.0
0.0
0.0
0.0
0.0
0.0
0.0
0.0
0.0
0.0
0.0
0.0
0.0
0.0
0.0
0.0
0.0
0.0
0.0
0.0
0.0
0.0
0.0
0.0
0.0
0.0
0.0
0.0
0.0
0.0
0.0
0.0
0.0
0.0
0.0
0.0
0.0
0.0
0.0
0.0
0.0
0.0
0.0
0.0
0.0
0.0
0.0
0.0
0.0
0.0
0.0
0.0
0.0
0.0
0.0
0.0
0.0
0.0
0.0
0.0
0.0
0.0
0.0
0.0
0.0
0.0
0.0
0.0
0.0
0.0
0.0
0.0
0.0
0.0
0.0
0.0
0.0
0.0
0.0
0.0
0.0
0.0
0.0
0.0
0.0
0.0
0.0
0.0
0.0
0.0
0.0
0.0
0.0
0.0
0.0
0.0
0.0
0.0
0.0
0.0
0.0
0.0
0.0
0.0
0.0
0.0
0.0
0.0
0.0
0.0
0.0
0.0
0.0
0.0
0.0
0.0
0.0
0.0
0.0
0.0
0.0
0.0
0.0
0.0
0.0
0.0
0.0
0.0
0.0
0.0
0.0
0.0
0.0
0.0
0.0
0.0
0.0
0.0
0.0
0.0
0.0
0.0
0.0
0.0
0.0
0.0
0.0
0.0
0.0
0.0
0.0
0.0
0.0
0.0
0.0
0.0
0.0
0.0
0.0
0.0
0.0
0.0
0.0
0.0
0.0
0.0
0.0
0.0
0.0
0.0
0.0
0.0
0.0
0.0
0.0
0.0
0.0
0.0
0.0
0.0
0.0
0.0
0.0
0.0
0.0
0.0
0.0
0.0
0.0
0.0
0.0
0.0
0.0
0.0
0.0
0.0
0.0
0.0
0.0
0.0
0.0
0.0
0.0
0.0
0.0
0.0
0.0
0.0
0.0
0.0
0.0
0.0
0.0
0.0
0.0
0.0
0.0
0.0
0.0
0.0
0.0
0.0
0.0
0.0
0.0
0.0
0.0
0.0
0.0
0.0
0.0
0.0
0.0
0.0
0.0
0.0
0.0
0.0
0.0
0.0
0.0
0.0
0.0
0.0
0.0
0.0
0.0
0.0
0.0
0.0
0.0
0.0
0.0
0.0
0.0
0.0
0.0
0.0
0.0
0.0
0.0
0.0
0.0
0.0
0.0
0.0
0.0
0.0
0.0
0.0
0.0
0.0
0.0
0.0
0.0
0.0
0.0
0.0
0.0
0.0
0.0
0.0
0.0
0.0
0.0
0.0
0.0
0.0
0.0
0.0
0.0
0.0
0.0
0.0
0.0
0.0
0.0
0.0
0.0
0.0
0.0
0.0
0.0
0.0
0.0
0.0
0.0
0.0
0.0
0.0
0.0
0.0
0.0
0.0
0.0
0.0
0.0
0.0
0.0
0.0
0.0
0.0
0.0
0.0
0.0
0.0
0.0
0.0
0.0
0.0
0.0
0.0
0.0
0.0
0.0
0.0
0.0
0.0
0.0
0.0
0.0
0.0
0.0
0.0
0.0
0.0
0.0
0.0
0.0
0.0
0.0
0.0
0.0
0.0
0.0
0.0
0.0
0.0
0.0
0.0
0.0
0.0
0.0
0.0
0.0
0.0
0.0
0.0
0.0
0.0
0.0
0.0
0.0
0.0
0.0
0.0
0.0
0.0
0.0
0.0
0.0
0.0
0.0
0.0
0.0
0.0
0.0
0.0
0.0
0.0
0.0
0.0
0.0
0.0
0.0
0.0
0.0
0.0
0.0
0.0
0.0
0.0
0.0
0.0
0.0
0.0
0.0
0.0
0.0
0.0
0.0
0.0
0.0
0.0
0.0
0.0
0.0
0.0
0.0
0.0
0.0
0.0
0.0
0.0
0.0
0.0
0.0
0.0
0.0
0.0
0.0
0.0
0.0
0.0
0.0
0.0
0.0
0.0
0.0
0.0
0.0
0.0
0.0
0.0
0.0
0.0
0.0
0.0
0.0
0.0
0.0
0.0
0.0
0.0
0.0
0.0
0.0
0.0
0.0
0.0
0.0
0.0
0.0
0.0
0.0
0.0
0.0
0.0
0.0
0.0
0.0
0.0
0.0
0.0
0.0
0.0
0.0
0.0
0.0
0.0
0.0
0.0
0.0
0.0
0.0
0.0
0.0
0.0
0.0
0.0
0.0
0.0
0.0
0.0
0.0
0.0
0.0
0.0
0.0
0.0
0.0
0.0
0.0
0.0
0.0
0.0
0.0
0.0
0.0
0.0
0.0
0.0
0.0
0.0
0.0
0.0
0.0
0.0
0.0
0.0
0.0
0.0
0.0
0.0
0.0
0.0
0.0
0.0
0.0
0.0
0.0
0.0
0.0
0.0
0.0
0.0
0.0
0.0
0.0
0.0
0.0
0.0
0.0
0.0
0.0
0.0
0.0
0.0
0.0
0.0
0.0
0.0
0.0
0.0
0.0
0.0
0.0
0.0
0.0
0.0
0.0
0.0
0.0
0.0
0.0
0.0
0.0
0.0
0.0
0.0
0.0
0.0
0.0
0.0
0.0
0.0
0.0
0.0
0.0
0.0
0.0
0.0
0.0
0.0
0.0
0.0
0.0
0.0
0.0
0.0
0.0
0.0
0.0
0.0
0.0
0.0
0.0
0.0
0.0
0.0
0.0
0.0
0.0
0.0
0.0
0.0
0.0
0.0
0.0
0.0
0.0
0.0
0.0
0.0
0.0
0.0
0.0
0.0
0.0
0.0
0.0
